<?xml version="1.0" encoding="UTF-8" ?>
<testsuite failures="0" time="0.233" errors="0" skipped="0" tests="1" name="hoperun.tumanagementdebugging.tumanagementdebugging.AppTest">
  <properties>
    <property name="java.runtime.name" value="Java(TM) SE Runtime Environment"/>
    <property name="sun.boot.library.path" value="C:\Program Files\Java\jdk1.7.0_25\jre\bin"/>
    <property name="java.vm.version" value="23.25-b01"/>
    <property name="java.vm.vendor" value="Oracle Corporation"/>
    <property name="java.vendor.url" value="http://java.oracle.com/"/>
    <property name="path.separator" value=";"/>
    <property name="java.vm.name" value="Java HotSpot(TM) 64-Bit Server VM"/>
    <property name="file.encoding.pkg" value="sun.io"/>
    <property name="user.script" value=""/>
    <property name="user.country" value="CN"/>
    <property name="sun.java.launcher" value="SUN_STANDARD"/>
    <property name="sun.os.patch.level" value="Service Pack 1"/>
    <property name="java.vm.specification.name" value="Java Virtual Machine Specification"/>
    <property name="user.dir" value="E:\sirun\workspace\tumanagementdebugging"/>
    <property name="java.runtime.version" value="1.7.0_25-b17"/>
    <property name="java.awt.graphicsenv" value="sun.awt.Win32GraphicsEnvironment"/>
    <property name="basedir" value="E:\sirun\workspace\tumanagementdebugging"/>
    <property name="java.endorsed.dirs" value="C:\Program Files\Java\jdk1.7.0_25\jre\lib\endorsed"/>
    <property name="os.arch" value="amd64"/>
    <property name="surefire.real.class.path" value="E:\sirun\workspace\tumanagementdebugging\target\surefire\surefirebooter8105371208072946013.jar"/>
    <property name="java.io.tmpdir" value="C:\Users\sirun\AppData\Local\Temp\"/>
    <property name="line.separator" value="
"/>
    <property name="java.vm.specification.vendor" value="Oracle Corporation"/>
    <property name="user.variant" value=""/>
    <property name="os.name" value="Windows 7"/>
    <property name="sun.jnu.encoding" value="GBK"/>
    <property name="java.library.path" value="C:\Program Files\Java\jdk1.7.0_25\jre\bin;C:\Windows\Sun\Java\bin;C:\Windows\system32;C:\Windows;C:\Program Files (x86)\Intel\iCLS Client\;C:\Program Files\Intel\iCLS Client\;C:\Program Files\Broadcom\Broadcom 802.11 Network Adapter\Driver;C:\Windows\system32;C:\Windows;C:\Windows\System32\Wbem;C:\Windows\System32\WindowsPowerShell\v1.0\;C:\Program Files (x86)\Intel\OpenCL SDK\2.0\bin\x86;C:\Program Files (x86)\Intel\OpenCL SDK\2.0\bin\x64;C:\Program Files\Intel\Intel(R) Management Engine Components\DAL;C:\Program Files\Intel\Intel(R) Management Engine Components\IPT;C:\Program Files (x86)\Intel\Intel(R) Management Engine Components\DAL;C:\Program Files (x86)\Intel\Intel(R) Management Engine Components\IPT;C:\Program Files\WIDCOMM\Bluetooth Software\;C:\Program Files\WIDCOMM\Bluetooth Software\syswow64;C:\Program Files (x86)\MySQL\MySQL Fabric 1.5.3 &amp; MySQL Utilities 1.5.3 1.5\;C:\Program Files (x86)\MySQL\MySQL Fabric 1.5.3 &amp; MySQL Utilities 1.5.3 1.5\Doctrine extensions for PHP\;D:\Tools\Git\cmd;C:\Program Files\Java\jdk1.7.0_25\bin;D:\Tools\maven\apache-maven-3.2.2\bin;D:\Tools\tomcat\apache-tomcat-7.0.67\bin;%MONGODB%\bin;."/>
    <property name="surefire.test.class.path" value="E:\sirun\workspace\tumanagementdebugging\target\test-classes;E:\sirun\workspace\tumanagementdebugging\target\classes;C:\Users\sirun\.m2\repository\junit\junit\4.11\junit-4.11.jar;C:\Users\sirun\.m2\repository\org\hamcrest\hamcrest-core\1.3\hamcrest-core-1.3.jar;C:\Users\sirun\.m2\repository\org\mybatis\mybatis\3.2.8\mybatis-3.2.8.jar;C:\Users\sirun\.m2\repository\mysql\mysql-connector-java\5.1.26\mysql-connector-java-5.1.26.jar;C:\Users\sirun\.m2\repository\hoperun\adapter\tuadaptercomm\1001.01-SNAPSHOT\tuadaptercomm-1001.01-SNAPSHOT.jar;C:\Users\sirun\.m2\repository\hoperun\util\1001.01-SNAPSHOT\util-1001.01-SNAPSHOT.jar;C:\Users\sirun\.m2\repository\commons-httpclient\commons-httpclient\3.1\commons-httpclient-3.1.jar;C:\Users\sirun\.m2\repository\org\hamcrest\hamcrest-all\1.3\hamcrest-all-1.3.jar;C:\Users\sirun\.m2\repository\javax\servlet\javax.servlet-api\3.1.0\javax.servlet-api-3.1.0.jar;C:\Users\sirun\.m2\repository\org\springframework\spring-context\4.0.0.RELEASE\spring-context-4.0.0.RELEASE.jar;C:\Users\sirun\.m2\repository\org\springframework\spring-aop\4.0.0.RELEASE\spring-aop-4.0.0.RELEASE.jar;C:\Users\sirun\.m2\repository\org\springframework\spring-beans\4.0.0.RELEASE\spring-beans-4.0.0.RELEASE.jar;C:\Users\sirun\.m2\repository\org\springframework\spring-core\4.0.0.RELEASE\spring-core-4.0.0.RELEASE.jar;C:\Users\sirun\.m2\repository\org\springframework\spring-expression\4.0.0.RELEASE\spring-expression-4.0.0.RELEASE.jar;C:\Users\sirun\.m2\repository\org\springframework\spring-web\4.0.0.RELEASE\spring-web-4.0.0.RELEASE.jar;C:\Users\sirun\.m2\repository\aopalliance\aopalliance\1.0\aopalliance-1.0.jar;C:\Users\sirun\.m2\repository\org\hibernate\hibernate-core\4.2.4.Final\hibernate-core-4.2.4.Final.jar;C:\Users\sirun\.m2\repository\antlr\antlr\2.7.7\antlr-2.7.7.jar;C:\Users\sirun\.m2\repository\org\jboss\logging\jboss-logging\3.1.0.GA\jboss-logging-3.1.0.GA.jar;C:\Users\sirun\.m2\repository\dom4j\dom4j\1.6.1\dom4j-1.6.1.jar;C:\Users\sirun\.m2\repository\org\jboss\spec\javax\transaction\jboss-transaction-api_1.1_spec\1.0.1.Final\jboss-transaction-api_1.1_spec-1.0.1.Final.jar;C:\Users\sirun\.m2\repository\org\hibernate\javax\persistence\hibernate-jpa-2.0-api\1.0.1.Final\hibernate-jpa-2.0-api-1.0.1.Final.jar;C:\Users\sirun\.m2\repository\org\hibernate\common\hibernate-commons-annotations\4.0.2.Final\hibernate-commons-annotations-4.0.2.Final.jar;C:\Users\sirun\.m2\repository\org\javassist\javassist\3.15.0-GA\javassist-3.15.0-GA.jar;C:\Users\sirun\.m2\repository\com\thoughtworks\xstream\xstream\1.4.7\xstream-1.4.7.jar;C:\Users\sirun\.m2\repository\xmlpull\xmlpull\1.1.3.1\xmlpull-1.1.3.1.jar;C:\Users\sirun\.m2\repository\xpp3\xpp3_min\1.1.4c\xpp3_min-1.1.4c.jar;C:\Users\sirun\.m2\repository\com\alibaba\fastjson\1.1.46\fastjson-1.1.46.jar;C:\Users\sirun\.m2\repository\org\apache\httpcomponents\httpclient\4.3.6\httpclient-4.3.6.jar;C:\Users\sirun\.m2\repository\org\apache\httpcomponents\httpcore\4.3.3\httpcore-4.3.3.jar;C:\Users\sirun\.m2\repository\commons-logging\commons-logging\1.1.3\commons-logging-1.1.3.jar;C:\Users\sirun\.m2\repository\commons-codec\commons-codec\1.6\commons-codec-1.6.jar;C:\Users\sirun\.m2\repository\org\apache\logging\log4j\log4j-api\2.2\log4j-api-2.2.jar;C:\Users\sirun\.m2\repository\org\apache\logging\log4j\log4j-core\2.2\log4j-core-2.2.jar;C:\Users\sirun\.m2\repository\hoperun\tutransmanagement\tutransmanagement\1001.01-SNAPSHOT\tutransmanagement-1001.01-SNAPSHOT.jar;C:\Users\sirun\.m2\repository\hoperun\proxyservertcp\1001.01-SNAPSHOT\proxyservertcp-1001.01-SNAPSHOT.jar;C:\Users\sirun\.m2\repository\hoperun\proxyclienttcp\1001.01-SNAPSHOT\proxyclienttcp-1001.01-SNAPSHOT.jar;C:\Users\sirun\.m2\repository\hoperun\taskrunner\1001.01-SNAPSHOT\taskrunner-1001.01-SNAPSHOT.jar;C:\Users\sirun\.m2\repository\hoperun\logglerserverclient\1001.01-SNAPSHOT\logglerserverclient-1001.01-SNAPSHOT.jar;C:\Users\sirun\.m2\repository\hoperun\messagesender\1001.01-SNAPSHOT\messagesender-1001.01-SNAPSHOT.jar;C:\Users\sirun\.m2\repository\hoperun\proxyserver\1002.01-SNAPSHOT\proxyserver-1002.01-SNAPSHOT.jar;C:\Users\sirun\.m2\repository\io\netty\netty-all\4.0.17.Final\netty-all-4.0.17.Final.jar;C:\Users\sirun\.m2\repository\jaxen\jaxen\1.1.6\jaxen-1.1.6.jar;C:\Users\sirun\.m2\repository\net\sf\json-lib\json-lib\2.4\json-lib-2.4-jdk15.jar;C:\Users\sirun\.m2\repository\commons-beanutils\commons-beanutils\1.8.0\commons-beanutils-1.8.0.jar;C:\Users\sirun\.m2\repository\commons-collections\commons-collections\3.2.1\commons-collections-3.2.1.jar;C:\Users\sirun\.m2\repository\net\sf\ezmorph\ezmorph\1.0.6\ezmorph-1.0.6.jar;C:\Users\sirun\.m2\repository\commons-lang\commons-lang\2.6\commons-lang-2.6.jar;C:\Users\sirun\.m2\repository\com\fasterxml\jackson\dataformat\jackson-dataformat-xml\2.2.2\jackson-dataformat-xml-2.2.2.jar;C:\Users\sirun\.m2\repository\com\fasterxml\jackson\core\jackson-core\2.2.2\jackson-core-2.2.2.jar;C:\Users\sirun\.m2\repository\com\fasterxml\jackson\core\jackson-annotations\2.2.2\jackson-annotations-2.2.2.jar;C:\Users\sirun\.m2\repository\com\fasterxml\jackson\core\jackson-databind\2.2.2\jackson-databind-2.2.2.jar;C:\Users\sirun\.m2\repository\com\fasterxml\jackson\module\jackson-module-jaxb-annotations\2.2.2\jackson-module-jaxb-annotations-2.2.2.jar;C:\Users\sirun\.m2\repository\org\codehaus\woodstox\stax2-api\3.1.1\stax2-api-3.1.1.jar;C:\Users\sirun\.m2\repository\javax\xml\stream\stax-api\1.0-2\stax-api-1.0-2.jar;C:\Users\sirun\.m2\repository\hoperun\proxytrans\1001.01-SNAPSHOT\proxytrans-1001.01-SNAPSHOT.jar;C:\Users\sirun\.m2\repository\org\apache\struts\struts2-core\2.3.16\struts2-core-2.3.16.jar;C:\Users\sirun\.m2\repository\org\apache\struts\xwork\xwork-core\2.3.16\xwork-core-2.3.16.jar;C:\Users\sirun\.m2\repository\org\apache\commons\commons-lang3\3.1\commons-lang3-3.1.jar;C:\Users\sirun\.m2\repository\asm\asm\3.3\asm-3.3.jar;C:\Users\sirun\.m2\repository\asm\asm-commons\3.3\asm-commons-3.3.jar;C:\Users\sirun\.m2\repository\asm\asm-tree\3.3\asm-tree-3.3.jar;C:\Users\sirun\.m2\repository\org\freemarker\freemarker\2.3.19\freemarker-2.3.19.jar;C:\Users\sirun\.m2\repository\ognl\ognl\3.0.6\ognl-3.0.6.jar;C:\Users\sirun\.m2\repository\javassist\javassist\3.11.0.GA\javassist-3.11.0.GA.jar;C:\Users\sirun\.m2\repository\commons-fileupload\commons-fileupload\1.3\commons-fileupload-1.3.jar;C:\Users\sirun\.m2\repository\commons-io\commons-io\2.2\commons-io-2.2.jar;C:\Users\sirun\.m2\repository\org\hibernate\hibernate-c3p0\4.2.4.Final\hibernate-c3p0-4.2.4.Final.jar;C:\Users\sirun\.m2\repository\com\mchange\c3p0\0.9.2.1\c3p0-0.9.2.1.jar;C:\Users\sirun\.m2\repository\com\mchange\mchange-commons-java\0.2.3.4\mchange-commons-java-0.2.3.4.jar;C:\Users\sirun\.m2\repository\org\quartz-scheduler\quartz\2.2.0\quartz-2.2.0.jar;C:\Users\sirun\.m2\repository\c3p0\c3p0\0.9.1.1\c3p0-0.9.1.1.jar;C:\Users\sirun\.m2\repository\org\slf4j\slf4j-api\1.6.6\slf4j-api-1.6.6.jar;C:\Users\sirun\.m2\repository\org\quartz-scheduler\quartz-jobs\2.2.0\quartz-jobs-2.2.0.jar;C:\Users\sirun\.m2\repository\com\jolbox\bonecp\0.8.0.RELEASE\bonecp-0.8.0.RELEASE.jar;C:\Users\sirun\.m2\repository\com\google\guava\guava\15.0\guava-15.0.jar;"/>
    <property name="java.specification.name" value="Java Platform API Specification"/>
    <property name="java.class.version" value="51.0"/>
    <property name="sun.management.compiler" value="HotSpot 64-Bit Tiered Compilers"/>
    <property name="os.version" value="6.1"/>
    <property name="user.home" value="C:\Users\sirun"/>
    <property name="user.timezone" value=""/>
    <property name="java.awt.printerjob" value="sun.awt.windows.WPrinterJob"/>
    <property name="java.specification.version" value="1.7"/>
    <property name="file.encoding" value="UTF-8"/>
    <property name="user.name" value="sirun"/>
    <property name="java.class.path" value="E:\sirun\workspace\tumanagementdebugging\target\test-classes;E:\sirun\workspace\tumanagementdebugging\target\classes;C:\Users\sirun\.m2\repository\junit\junit\4.11\junit-4.11.jar;C:\Users\sirun\.m2\repository\org\hamcrest\hamcrest-core\1.3\hamcrest-core-1.3.jar;C:\Users\sirun\.m2\repository\org\mybatis\mybatis\3.2.8\mybatis-3.2.8.jar;C:\Users\sirun\.m2\repository\mysql\mysql-connector-java\5.1.26\mysql-connector-java-5.1.26.jar;C:\Users\sirun\.m2\repository\hoperun\adapter\tuadaptercomm\1001.01-SNAPSHOT\tuadaptercomm-1001.01-SNAPSHOT.jar;C:\Users\sirun\.m2\repository\hoperun\util\1001.01-SNAPSHOT\util-1001.01-SNAPSHOT.jar;C:\Users\sirun\.m2\repository\commons-httpclient\commons-httpclient\3.1\commons-httpclient-3.1.jar;C:\Users\sirun\.m2\repository\org\hamcrest\hamcrest-all\1.3\hamcrest-all-1.3.jar;C:\Users\sirun\.m2\repository\javax\servlet\javax.servlet-api\3.1.0\javax.servlet-api-3.1.0.jar;C:\Users\sirun\.m2\repository\org\springframework\spring-context\4.0.0.RELEASE\spring-context-4.0.0.RELEASE.jar;C:\Users\sirun\.m2\repository\org\springframework\spring-aop\4.0.0.RELEASE\spring-aop-4.0.0.RELEASE.jar;C:\Users\sirun\.m2\repository\org\springframework\spring-beans\4.0.0.RELEASE\spring-beans-4.0.0.RELEASE.jar;C:\Users\sirun\.m2\repository\org\springframework\spring-core\4.0.0.RELEASE\spring-core-4.0.0.RELEASE.jar;C:\Users\sirun\.m2\repository\org\springframework\spring-expression\4.0.0.RELEASE\spring-expression-4.0.0.RELEASE.jar;C:\Users\sirun\.m2\repository\org\springframework\spring-web\4.0.0.RELEASE\spring-web-4.0.0.RELEASE.jar;C:\Users\sirun\.m2\repository\aopalliance\aopalliance\1.0\aopalliance-1.0.jar;C:\Users\sirun\.m2\repository\org\hibernate\hibernate-core\4.2.4.Final\hibernate-core-4.2.4.Final.jar;C:\Users\sirun\.m2\repository\antlr\antlr\2.7.7\antlr-2.7.7.jar;C:\Users\sirun\.m2\repository\org\jboss\logging\jboss-logging\3.1.0.GA\jboss-logging-3.1.0.GA.jar;C:\Users\sirun\.m2\repository\dom4j\dom4j\1.6.1\dom4j-1.6.1.jar;C:\Users\sirun\.m2\repository\org\jboss\spec\javax\transaction\jboss-transaction-api_1.1_spec\1.0.1.Final\jboss-transaction-api_1.1_spec-1.0.1.Final.jar;C:\Users\sirun\.m2\repository\org\hibernate\javax\persistence\hibernate-jpa-2.0-api\1.0.1.Final\hibernate-jpa-2.0-api-1.0.1.Final.jar;C:\Users\sirun\.m2\repository\org\hibernate\common\hibernate-commons-annotations\4.0.2.Final\hibernate-commons-annotations-4.0.2.Final.jar;C:\Users\sirun\.m2\repository\org\javassist\javassist\3.15.0-GA\javassist-3.15.0-GA.jar;C:\Users\sirun\.m2\repository\com\thoughtworks\xstream\xstream\1.4.7\xstream-1.4.7.jar;C:\Users\sirun\.m2\repository\xmlpull\xmlpull\1.1.3.1\xmlpull-1.1.3.1.jar;C:\Users\sirun\.m2\repository\xpp3\xpp3_min\1.1.4c\xpp3_min-1.1.4c.jar;C:\Users\sirun\.m2\repository\com\alibaba\fastjson\1.1.46\fastjson-1.1.46.jar;C:\Users\sirun\.m2\repository\org\apache\httpcomponents\httpclient\4.3.6\httpclient-4.3.6.jar;C:\Users\sirun\.m2\repository\org\apache\httpcomponents\httpcore\4.3.3\httpcore-4.3.3.jar;C:\Users\sirun\.m2\repository\commons-logging\commons-logging\1.1.3\commons-logging-1.1.3.jar;C:\Users\sirun\.m2\repository\commons-codec\commons-codec\1.6\commons-codec-1.6.jar;C:\Users\sirun\.m2\repository\org\apache\logging\log4j\log4j-api\2.2\log4j-api-2.2.jar;C:\Users\sirun\.m2\repository\org\apache\logging\log4j\log4j-core\2.2\log4j-core-2.2.jar;C:\Users\sirun\.m2\repository\hoperun\tutransmanagement\tutransmanagement\1001.01-SNAPSHOT\tutransmanagement-1001.01-SNAPSHOT.jar;C:\Users\sirun\.m2\repository\hoperun\proxyservertcp\1001.01-SNAPSHOT\proxyservertcp-1001.01-SNAPSHOT.jar;C:\Users\sirun\.m2\repository\hoperun\proxyclienttcp\1001.01-SNAPSHOT\proxyclienttcp-1001.01-SNAPSHOT.jar;C:\Users\sirun\.m2\repository\hoperun\taskrunner\1001.01-SNAPSHOT\taskrunner-1001.01-SNAPSHOT.jar;C:\Users\sirun\.m2\repository\hoperun\logglerserverclient\1001.01-SNAPSHOT\logglerserverclient-1001.01-SNAPSHOT.jar;C:\Users\sirun\.m2\repository\hoperun\messagesender\1001.01-SNAPSHOT\messagesender-1001.01-SNAPSHOT.jar;C:\Users\sirun\.m2\repository\hoperun\proxyserver\1002.01-SNAPSHOT\proxyserver-1002.01-SNAPSHOT.jar;C:\Users\sirun\.m2\repository\io\netty\netty-all\4.0.17.Final\netty-all-4.0.17.Final.jar;C:\Users\sirun\.m2\repository\jaxen\jaxen\1.1.6\jaxen-1.1.6.jar;C:\Users\sirun\.m2\repository\net\sf\json-lib\json-lib\2.4\json-lib-2.4-jdk15.jar;C:\Users\sirun\.m2\repository\commons-beanutils\commons-beanutils\1.8.0\commons-beanutils-1.8.0.jar;C:\Users\sirun\.m2\repository\commons-collections\commons-collections\3.2.1\commons-collections-3.2.1.jar;C:\Users\sirun\.m2\repository\net\sf\ezmorph\ezmorph\1.0.6\ezmorph-1.0.6.jar;C:\Users\sirun\.m2\repository\commons-lang\commons-lang\2.6\commons-lang-2.6.jar;C:\Users\sirun\.m2\repository\com\fasterxml\jackson\dataformat\jackson-dataformat-xml\2.2.2\jackson-dataformat-xml-2.2.2.jar;C:\Users\sirun\.m2\repository\com\fasterxml\jackson\core\jackson-core\2.2.2\jackson-core-2.2.2.jar;C:\Users\sirun\.m2\repository\com\fasterxml\jackson\core\jackson-annotations\2.2.2\jackson-annotations-2.2.2.jar;C:\Users\sirun\.m2\repository\com\fasterxml\jackson\core\jackson-databind\2.2.2\jackson-databind-2.2.2.jar;C:\Users\sirun\.m2\repository\com\fasterxml\jackson\module\jackson-module-jaxb-annotations\2.2.2\jackson-module-jaxb-annotations-2.2.2.jar;C:\Users\sirun\.m2\repository\org\codehaus\woodstox\stax2-api\3.1.1\stax2-api-3.1.1.jar;C:\Users\sirun\.m2\repository\javax\xml\stream\stax-api\1.0-2\stax-api-1.0-2.jar;C:\Users\sirun\.m2\repository\hoperun\proxytrans\1001.01-SNAPSHOT\proxytrans-1001.01-SNAPSHOT.jar;C:\Users\sirun\.m2\repository\org\apache\struts\struts2-core\2.3.16\struts2-core-2.3.16.jar;C:\Users\sirun\.m2\repository\org\apache\struts\xwork\xwork-core\2.3.16\xwork-core-2.3.16.jar;C:\Users\sirun\.m2\repository\org\apache\commons\commons-lang3\3.1\commons-lang3-3.1.jar;C:\Users\sirun\.m2\repository\asm\asm\3.3\asm-3.3.jar;C:\Users\sirun\.m2\repository\asm\asm-commons\3.3\asm-commons-3.3.jar;C:\Users\sirun\.m2\repository\asm\asm-tree\3.3\asm-tree-3.3.jar;C:\Users\sirun\.m2\repository\org\freemarker\freemarker\2.3.19\freemarker-2.3.19.jar;C:\Users\sirun\.m2\repository\ognl\ognl\3.0.6\ognl-3.0.6.jar;C:\Users\sirun\.m2\repository\javassist\javassist\3.11.0.GA\javassist-3.11.0.GA.jar;C:\Users\sirun\.m2\repository\commons-fileupload\commons-fileupload\1.3\commons-fileupload-1.3.jar;C:\Users\sirun\.m2\repository\commons-io\commons-io\2.2\commons-io-2.2.jar;C:\Users\sirun\.m2\repository\org\hibernate\hibernate-c3p0\4.2.4.Final\hibernate-c3p0-4.2.4.Final.jar;C:\Users\sirun\.m2\repository\com\mchange\c3p0\0.9.2.1\c3p0-0.9.2.1.jar;C:\Users\sirun\.m2\repository\com\mchange\mchange-commons-java\0.2.3.4\mchange-commons-java-0.2.3.4.jar;C:\Users\sirun\.m2\repository\org\quartz-scheduler\quartz\2.2.0\quartz-2.2.0.jar;C:\Users\sirun\.m2\repository\c3p0\c3p0\0.9.1.1\c3p0-0.9.1.1.jar;C:\Users\sirun\.m2\repository\org\slf4j\slf4j-api\1.6.6\slf4j-api-1.6.6.jar;C:\Users\sirun\.m2\repository\org\quartz-scheduler\quartz-jobs\2.2.0\quartz-jobs-2.2.0.jar;C:\Users\sirun\.m2\repository\com\jolbox\bonecp\0.8.0.RELEASE\bonecp-0.8.0.RELEASE.jar;C:\Users\sirun\.m2\repository\com\google\guava\guava\15.0\guava-15.0.jar;"/>
    <property name="java.vm.specification.version" value="1.7"/>
    <property name="sun.arch.data.model" value="64"/>
    <property name="java.home" value="C:\Program Files\Java\jdk1.7.0_25\jre"/>
    <property name="sun.java.command" value="E:\sirun\workspace\tumanagementdebugging\target\surefire\surefirebooter8105371208072946013.jar E:\sirun\workspace\tumanagementdebugging\target\surefire\surefire8363367522799629777tmp E:\sirun\workspace\tumanagementdebugging\target\surefire\surefire2380672319367488127tmp"/>
    <property name="java.specification.vendor" value="Oracle Corporation"/>
    <property name="user.language" value="zh"/>
    <property name="awt.toolkit" value="sun.awt.windows.WToolkit"/>
    <property name="java.vm.info" value="mixed mode"/>
    <property name="java.version" value="1.7.0_25"/>
    <property name="java.ext.dirs" value="C:\Program Files\Java\jdk1.7.0_25\jre\lib\ext;C:\Windows\Sun\Java\lib\ext"/>
    <property name="sun.boot.class.path" value="C:\Program Files\Java\jdk1.7.0_25\jre\lib\resources.jar;C:\Program Files\Java\jdk1.7.0_25\jre\lib\rt.jar;C:\Program Files\Java\jdk1.7.0_25\jre\lib\sunrsasign.jar;C:\Program Files\Java\jdk1.7.0_25\jre\lib\jsse.jar;C:\Program Files\Java\jdk1.7.0_25\jre\lib\jce.jar;C:\Program Files\Java\jdk1.7.0_25\jre\lib\charsets.jar;C:\Program Files\Java\jdk1.7.0_25\jre\lib\jfr.jar;C:\Program Files\Java\jdk1.7.0_25\jre\classes"/>
    <property name="java.vendor" value="Oracle Corporation"/>
    <property name="localRepository" value="C:\Users\sirun\.m2\repository"/>
    <property name="file.separator" value="\"/>
    <property name="java.vendor.url.bug" value="http://bugreport.sun.com/bugreport/"/>
    <property name="sun.cpu.endian" value="little"/>
    <property name="sun.io.unicode.encoding" value="UnicodeLittle"/>
    <property name="sun.desktop" value="windows"/>
    <property name="sun.cpu.isalist" value="amd64"/>
  </properties>
  <testcase time="0.004" classname="hoperun.tumanagementdebugging.tumanagementdebugging.AppTest" name="testApp"/>
</testsuite>